/*
 *  CMSIS Pack Debug Access Sequence Log
 *  File        : D:\Cac mon hoc\doan_totnghiep\keilc\MDK-ARM\keilc_Sequences_0000.log
 *  Created     : 15:34:16 (23/05/2024)
 *  Device      : STM32F103C8
 *  PDSC File   : C:/Users/khoav/AppData/Local/Arm/Packs/Keil/STM32F1xx_DFP/2.4.1/Keil.STM32F1xx_DFP.pdsc
 *  Config File : D:\Cac mon hoc\doan_totnghiep\keilc\MDK-ARM\DebugConfig\keilc_STM32F103C8_1.0.0.dbgconf
 *
 */

[15:34:16.953]  **********  Sequence "DebugDeviceUnlock"  (Context="Connect", Pname="", info="")
[15:34:16.953]  
[15:34:16.954]  <debugvars>
[15:34:16.956]    // Pre-defined
[15:34:16.956]    __protocol=0x00010002      (Protocol="SWD", SWJ-DP="True")
[15:34:16.956]    __connection=0x00010202    (Connection Type="Flash", Reset Type="System Reset", Connection Under HW Reset)
[15:34:16.956]    __dp=0x00000000
[15:34:16.956]    __ap=0x00000000
[15:34:16.956]    __traceout=0x00000000      (Trace Disabled)
[15:34:16.956]    __errorcontrol=0x00000000  (Skip Errors="False")
[15:34:16.956]    __FlashAddr=0x00000000
[15:34:16.957]    __FlashLen=0x00000000
[15:34:16.957]    __FlashArg=0x00000000
[15:34:16.957]    __FlashOp=0x00000000
[15:34:16.957]    __Result=0x00000000
[15:34:16.958]    
[15:34:16.958]    // User-defined
[15:34:16.958]    DbgMCU_CR=0x00000007
[15:34:16.959]  </debugvars>
[15:34:16.959]  
[15:34:16.959]  <sequence name="DebugDeviceUnlock" Pname="" disable="false" info="">
[15:34:16.960]    <block atomic="false" info="">
[15:34:16.960]      Sequence("CheckID");
[15:34:16.960]        <sequence name="CheckID" Pname="" disable="false" info="">
[15:34:16.960]          <block atomic="false" info="">
[15:34:16.960]            __var pidr1 = 0;
[15:34:16.961]              // -> [pidr1 <= 0x00000000]
[15:34:16.961]            __var pidr2 = 0;
[15:34:16.962]              // -> [pidr2 <= 0x00000000]
[15:34:16.962]            __var jep106id = 0;
[15:34:16.962]              // -> [jep106id <= 0x00000000]
[15:34:16.962]            __var ROMTableBase = 0;
[15:34:16.963]              // -> [ROMTableBase <= 0x00000000]
[15:34:16.963]            __ap = 0;      // AHB-AP
[15:34:16.963]              // -> [__ap <= 0x00000000]
[15:34:16.963]            ROMTableBase = ReadAP(0xF8) & ~0x3;
[15:34:16.964]              // -> [ReadAP(0x000000F8) => 0xE00FF003]   (__dp=0x00000000, __ap=0x00000000)
[15:34:16.964]              // -> [ROMTableBase <= 0xE00FF000]
[15:34:16.965]            pidr1 = Read32(ROMTableBase + 0x0FE4);
[15:34:16.966]              // -> [Read32(0xE00FFFE4) => 0x00000004]   (__dp=0x00000000, __ap=0x00000000)
[15:34:16.966]              // -> [pidr1 <= 0x00000004]
[15:34:16.966]            pidr2 = Read32(ROMTableBase + 0x0FE8);
[15:34:16.967]              // -> [Read32(0xE00FFFE8) => 0x0000000A]   (__dp=0x00000000, __ap=0x00000000)
[15:34:16.967]              // -> [pidr2 <= 0x0000000A]
[15:34:16.968]            jep106id = ((pidr2 & 0x7) << 4 ) | ((pidr1 >> 4) & 0xF);
[15:34:16.968]              // -> [jep106id <= 0x00000020]
[15:34:16.968]          </block>
[15:34:16.969]          <control if="jep106id != 0x20" while="" timeout="0" info="">
[15:34:16.969]            // if-block "jep106id != 0x20"
[15:34:16.969]              // =>  FALSE
[15:34:16.970]            // skip if-block "jep106id != 0x20"
[15:34:16.970]          </control>
[15:34:16.970]        </sequence>
[15:34:16.970]    </block>
[15:34:16.970]  </sequence>
[15:34:16.971]  
[15:34:16.971]  **********  Sequence "DebugCoreStart"  (Context="Connect", Pname="", info="")
[15:34:16.971]  
[15:34:16.971]  <debugvars>
[15:34:16.971]    // Pre-defined
[15:34:16.972]    __protocol=0x00010002      (Protocol="SWD", SWJ-DP="True")
[15:34:16.972]    __connection=0x00010202    (Connection Type="Flash", Reset Type="System Reset", Connection Under HW Reset)
[15:34:16.972]    __dp=0x00000000
[15:34:16.972]    __ap=0x00000000
[15:34:16.973]    __traceout=0x00000000      (Trace Disabled)
[15:34:16.973]    __errorcontrol=0x00000000  (Skip Errors="False")
[15:34:16.974]    __FlashAddr=0x00000000
[15:34:16.974]    __FlashLen=0x00000000
[15:34:16.974]    __FlashArg=0x00000000
[15:34:16.974]    __FlashOp=0x00000000
[15:34:16.975]    __Result=0x00000000
[15:34:16.975]    
[15:34:16.975]    // User-defined
[15:34:16.975]    DbgMCU_CR=0x00000007
[15:34:16.975]  </debugvars>
[15:34:16.975]  
[15:34:16.975]  <sequence name="DebugCoreStart" Pname="" disable="false" info="">
[15:34:16.976]    <block atomic="false" info="">
[15:34:16.976]      Write32(0xE000EDF0, 0xA05F0001);                                        // Enable Core Debug via DHCSR
[15:34:16.976]        // -> [Write32(0xE000EDF0, 0xA05F0001)]   (__dp=0x00000000, __ap=0x00000000)
[15:34:16.976]      Write32(0xE0042004, DbgMCU_CR);                                         // DBGMCU_CR: Configure MCU Debug
[15:34:16.976]        // -> [Write32(0xE0042004, 0x00000007)]   (__dp=0x00000000, __ap=0x00000000)
[15:34:16.977]    </block>
[15:34:16.977]  </sequence>
[15:34:16.977]  
