/*
 *  CMSIS Pack Debug Access Sequence Log
 *  File        : D:\Cac mon hoc\doan_totnghiep\keilc\MDK-ARM\keilc_Sequences_0001.log
 *  Created     : 15:42:56 (23/05/2024)
 *  Device      : STM32F103C8
 *  PDSC File   : C:/Users/khoav/AppData/Local/Arm/Packs/Keil/STM32F1xx_DFP/2.4.1/Keil.STM32F1xx_DFP.pdsc
 *  Config File : D:\Cac mon hoc\doan_totnghiep\keilc\MDK-ARM\DebugConfig\keilc_STM32F103C8_1.0.0.dbgconf
 *
 */

[15:42:56.479]  **********  Sequence "DebugDeviceUnlock"  (Context="Connect", Pname="", info="")
[15:42:56.479]  
[15:42:56.480]  <debugvars>
[15:42:56.481]    // Pre-defined
[15:42:56.481]    __protocol=0x00010002      (Protocol="SWD", SWJ-DP="True")
[15:42:56.481]    __connection=0x00010202    (Connection Type="Flash", Reset Type="System Reset", Connection Under HW Reset)
[15:42:56.481]    __dp=0x00000000
[15:42:56.482]    __ap=0x00000000
[15:42:56.482]    __traceout=0x00000000      (Trace Disabled)
[15:42:56.482]    __errorcontrol=0x00000000  (Skip Errors="False")
[15:42:56.482]    __FlashAddr=0x00000000
[15:42:56.482]    __FlashLen=0x00000000
[15:42:56.483]    __FlashArg=0x00000000
[15:42:56.483]    __FlashOp=0x00000000
[15:42:56.483]    __Result=0x00000000
[15:42:56.483]    
[15:42:56.483]    // User-defined
[15:42:56.484]    DbgMCU_CR=0x00000007
[15:42:56.484]  </debugvars>
[15:42:56.484]  
[15:42:56.484]  <sequence name="DebugDeviceUnlock" Pname="" disable="false" info="">
[15:42:56.484]    <block atomic="false" info="">
[15:42:56.485]      Sequence("CheckID");
[15:42:56.485]        <sequence name="CheckID" Pname="" disable="false" info="">
[15:42:56.485]          <block atomic="false" info="">
[15:42:56.486]            __var pidr1 = 0;
[15:42:56.486]              // -> [pidr1 <= 0x00000000]
[15:42:56.486]            __var pidr2 = 0;
[15:42:56.486]              // -> [pidr2 <= 0x00000000]
[15:42:56.487]            __var jep106id = 0;
[15:42:56.487]              // -> [jep106id <= 0x00000000]
[15:42:56.487]            __var ROMTableBase = 0;
[15:42:56.488]              // -> [ROMTableBase <= 0x00000000]
[15:42:56.488]            __ap = 0;      // AHB-AP
[15:42:56.488]              // -> [__ap <= 0x00000000]
[15:42:56.489]            ROMTableBase = ReadAP(0xF8) & ~0x3;
[15:42:56.489]              // -> [ReadAP(0x000000F8) => 0xE00FF003]   (__dp=0x00000000, __ap=0x00000000)
[15:42:56.490]              // -> [ROMTableBase <= 0xE00FF000]
[15:42:56.490]            pidr1 = Read32(ROMTableBase + 0x0FE4);
[15:42:56.491]              // -> [Read32(0xE00FFFE4) => 0x00000004]   (__dp=0x00000000, __ap=0x00000000)
[15:42:56.491]              // -> [pidr1 <= 0x00000004]
[15:42:56.491]            pidr2 = Read32(ROMTableBase + 0x0FE8);
[15:42:56.493]              // -> [Read32(0xE00FFFE8) => 0x0000000A]   (__dp=0x00000000, __ap=0x00000000)
[15:42:56.493]              // -> [pidr2 <= 0x0000000A]
[15:42:56.493]            jep106id = ((pidr2 & 0x7) << 4 ) | ((pidr1 >> 4) & 0xF);
[15:42:56.493]              // -> [jep106id <= 0x00000020]
[15:42:56.494]          </block>
[15:42:56.494]          <control if="jep106id != 0x20" while="" timeout="0" info="">
[15:42:56.494]            // if-block "jep106id != 0x20"
[15:42:56.494]              // =>  FALSE
[15:42:56.494]            // skip if-block "jep106id != 0x20"
[15:42:56.495]          </control>
[15:42:56.495]        </sequence>
[15:42:56.495]    </block>
[15:42:56.496]  </sequence>
[15:42:56.496]  
[15:42:56.496]  **********  Sequence "DebugCoreStart"  (Context="Connect", Pname="", info="")
[15:42:56.496]  
[15:42:56.497]  <debugvars>
[15:42:56.497]    // Pre-defined
[15:42:56.497]    __protocol=0x00010002      (Protocol="SWD", SWJ-DP="True")
[15:42:56.497]    __connection=0x00010202    (Connection Type="Flash", Reset Type="System Reset", Connection Under HW Reset)
[15:42:56.497]    __dp=0x00000000
[15:42:56.497]    __ap=0x00000000
[15:42:56.498]    __traceout=0x00000000      (Trace Disabled)
[15:42:56.498]    __errorcontrol=0x00000000  (Skip Errors="False")
[15:42:56.498]    __FlashAddr=0x00000000
[15:42:56.498]    __FlashLen=0x00000000
[15:42:56.498]    __FlashArg=0x00000000
[15:42:56.499]    __FlashOp=0x00000000
[15:42:56.499]    __Result=0x00000000
[15:42:56.499]    
[15:42:56.499]    // User-defined
[15:42:56.499]    DbgMCU_CR=0x00000007
[15:42:56.499]  </debugvars>
[15:42:56.499]  
[15:42:56.500]  <sequence name="DebugCoreStart" Pname="" disable="false" info="">
[15:42:56.500]    <block atomic="false" info="">
[15:42:56.500]      Write32(0xE000EDF0, 0xA05F0001);                                        // Enable Core Debug via DHCSR
[15:42:56.500]        // -> [Write32(0xE000EDF0, 0xA05F0001)]   (__dp=0x00000000, __ap=0x00000000)
[15:42:56.500]      Write32(0xE0042004, DbgMCU_CR);                                         // DBGMCU_CR: Configure MCU Debug
[15:42:56.501]        // -> [Write32(0xE0042004, 0x00000007)]   (__dp=0x00000000, __ap=0x00000000)
[15:42:56.501]    </block>
[15:42:56.501]  </sequence>
[15:42:56.501]  
